<?xml version="1.0" encoding="UTF-8"?>
<!-- Generated by org.testng.reporters.JUnitXMLReporter -->
<testsuite ignored="0" hostname="SANDHYA" failures="1" tests="1" name="FireFoxDriverTest" time="0.014" errors="0" timestamp="2023-12-27T12:37:55 IST">
  <testcase classname="crossBrowserTesting.CBTest" name="f" time="0.0">
    <failure type="org.testng.TestNGException" message="
Parameter &amp;apos;bName&amp;apos; is required by @Test on method f but has not been marked @Optional or defined
in C:\Users\sandh\eclipse-workspace\seleniumbasics\testngCrossBrowser.xml">
      <![CDATA[org.testng.TestNGException: 
Parameter 'bName' is required by @Test on method f but has not been marked @Optional or defined
in C:\Users\sandh\eclipse-workspace\seleniumbasics\testngCrossBrowser.xml
at java.base/java.util.ArrayList.forEach(ArrayList.java:1511)
... Removed 26 stack frames]]>
    </failure>
  </testcase> <!-- f -->
</testsuite> <!-- FireFoxDriverTest -->
